<?xml version="1.0" encoding="UTF-8"?>
<testng-results ignored="0" total="1" passed="1" failed="0" skipped="0">
  <reporter-output>
  </reporter-output>
  <suite started-at="2025-08-21T17:36:39 IST" name="Default suite" finished-at="2025-08-21T17:36:44 IST" duration-ms="5142">
    <groups>
    </groups>
    <test started-at="2025-08-21T17:36:39 IST" name="Default test" finished-at="2025-08-21T17:36:44 IST" duration-ms="5142">
      <class name="lti.ResponsiveTest">
        <test-method is-config="true" signature="setUp()[pri:0, instance:lti.ResponsiveTest@6f03482]" started-at="2025-08-21T17:36:39 IST" name="setUp" description="Launching the Browser" finished-at="2025-08-21T17:36:42 IST" duration-ms="3630" status="PASS">
          <reporter-output>
          </reporter-output>
        </test-method> <!-- setUp -->
        <test-method signature="responsiveTest()[pri:0, instance:lti.ResponsiveTest@6f03482]" started-at="2025-08-21T17:36:42 IST" name="responsiveTest" description="Check if the Webpage is Responsive or Not" finished-at="2025-08-21T17:36:44 IST" duration-ms="1437" status="PASS">
          <reporter-output>
          </reporter-output>
        </test-method> <!-- responsiveTest -->
      </class> <!-- lti.ResponsiveTest -->
    </test> <!-- Default test -->
  </suite> <!-- Default suite -->
</testng-results>
